Using pre-set license
Built from '2022.3/staging' branch; Version is '2022.3.11f1 (d00248457e15) revision 13632072'; Using compiler version '192829333'; Build Type 'Release'
OS: 'Windows 11  (10.0.22621) 64bit Professional' Language: 'en' Physical Memory: 32683 MB
BatchMode: 1, IsHumanControllingUs: 0, StartBugReporterOnCrash: 0, Is64bit: 1, IsPro: 1

COMMAND LINE ARGUMENTS:
D:\2022.3.11f1\Editor\Unity.exe
-adb2
-batchMode
-noUpm
-name
AssetImportWorker0
-projectPath
E:/GDS212-PROTOTYPE-4-Dance-Fight
-logFile
Logs/AssetImportWorker0.log
-srvPort
50532
Successfully changed project path to: E:/GDS212-PROTOTYPE-4-Dance-Fight
E:/GDS212-PROTOTYPE-4-Dance-Fight
[UnityMemory] Configuration Parameters - Can be set up in boot.config
    "memorysetup-bucket-allocator-granularity=16"
    "memorysetup-bucket-allocator-bucket-count=8"
    "memorysetup-bucket-allocator-block-size=33554432"
    "memorysetup-bucket-allocator-block-count=8"
    "memorysetup-main-allocator-block-size=16777216"
    "memorysetup-thread-allocator-block-size=16777216"
    "memorysetup-gfx-main-allocator-block-size=16777216"
    "memorysetup-gfx-thread-allocator-block-size=16777216"
    "memorysetup-cache-allocator-block-size=4194304"
    "memorysetup-typetree-allocator-block-size=2097152"
    "memorysetup-profiler-bucket-allocator-granularity=16"
    "memorysetup-profiler-bucket-allocator-bucket-count=8"
    "memorysetup-profiler-bucket-allocator-block-size=33554432"
    "memorysetup-profiler-bucket-allocator-block-count=8"
    "memorysetup-profiler-allocator-block-size=16777216"
    "memorysetup-profiler-editor-allocator-block-size=1048576"
    "memorysetup-temp-allocator-size-main=16777216"
    "memorysetup-job-temp-allocator-block-size=2097152"
    "memorysetup-job-temp-allocator-block-size-background=1048576"
    "memorysetup-job-temp-allocator-reduction-small-platforms=262144"
    "memorysetup-allocator-temp-initial-block-size-main=262144"
    "memorysetup-allocator-temp-initial-block-size-worker=262144"
    "memorysetup-temp-allocator-size-background-worker=32768"
    "memorysetup-temp-allocator-size-job-worker=262144"
    "memorysetup-temp-allocator-size-preload-manager=33554432"
    "memorysetup-temp-allocator-size-nav-mesh-worker=65536"
    "memorysetup-temp-allocator-size-audio-worker=65536"
    "memorysetup-temp-allocator-size-cloud-worker=32768"
    "memorysetup-temp-allocator-size-gi-baking-worker=262144"
    "memorysetup-temp-allocator-size-gfx=262144"
Player connection [16404] Host "[IP] 192.168.1.146 [Port] 0 [Flags] 2 [Guid] 1468795121 [EditorId] 1468795121 [Version] 1048832 [Id] WindowsEditor(7,Ghostdragoon) [Debug] 1 [PackageName] WindowsEditor [ProjectName] Editor" joined multi-casting on [225.0.0.222:54997]...

Player connection [16404] Host "[IP] 192.168.1.146 [Port] 0 [Flags] 2 [Guid] 1468795121 [EditorId] 1468795121 [Version] 1048832 [Id] WindowsEditor(7,Ghostdragoon) [Debug] 1 [PackageName] WindowsEditor [ProjectName] Editor" joined alternative multi-casting on [225.0.0.222:34997]...

[Physics::Module] Initialized MultithreadedJobDispatcher with 15 workers.
Refreshing native plugins compatible for Editor in 171.03 ms, found 4 plugins.
Preloading 0 native plugins for Editor in 0.00 ms.
Initialize engine version: 2022.3.11f1 (d00248457e15)
[Subsystems] Discovering subsystems at path D:/2022.3.11f1/Editor/Data/Resources/UnitySubsystems
[Subsystems] Discovering subsystems at path E:/GDS212-PROTOTYPE-4-Dance-Fight/Assets
GfxDevice: creating device client; threaded=0; jobified=0
Direct3D:
    Version:  Direct3D 11.0 [level 11.1]
    Renderer: NVIDIA GeForce RTX 3070 Ti (ID=0x2482)
    Vendor:   NVIDIA
    VRAM:     8032 MB
    Driver:   31.0.15.4584
Initialize mono
Mono path[0] = 'D:/2022.3.11f1/Editor/Data/Managed'
Mono path[1] = 'D:/2022.3.11f1/Editor/Data/MonoBleedingEdge/lib/mono/unityjit-win32'
Mono config path = 'D:/2022.3.11f1/Editor/Data/MonoBleedingEdge/etc'
Using monoOptions --debugger-agent=transport=dt_socket,embedding=1,server=y,suspend=n,address=127.0.0.1:56380
Begin MonoManager ReloadAssembly
Registering precompiled unity dll's ...
Register platform support module: D:/2022.3.11f1/Editor/Data/PlaybackEngines/WindowsStandaloneSupport/UnityEditor.WindowsStandalone.Extensions.dll
Registered in 0.002856 seconds.
- Loaded All Assemblies, in  0.401 seconds
Native extension for WindowsStandalone target not found
Mono: successfully reloaded assembly
- Finished resetting the current domain, in  0.241 seconds
Domain Reload Profiling: 642ms
	BeginReloadAssembly (154ms)
		ExecutionOrderSort (0ms)
		DisableScriptedObjects (0ms)
		BackupInstance (0ms)
		ReleaseScriptingObjects (0ms)
		CreateAndSetChildDomain (1ms)
	RebuildCommonClasses (37ms)
	RebuildNativeTypeToScriptingClass (11ms)
	initialDomainReloadingComplete (46ms)
	LoadAllAssembliesAndSetupDomain (152ms)
		LoadAssemblies (154ms)
		RebuildTransferFunctionScriptingTraits (0ms)
		AnalyzeDomain (150ms)
			TypeCache.Refresh (149ms)
				TypeCache.ScanAssembly (134ms)
			ScanForSourceGeneratedMonoScriptInfo (0ms)
			ResolveRequiredComponents (0ms)
	FinalizeReload (241ms)
		ReleaseScriptCaches (0ms)
		RebuildScriptCaches (0ms)
		SetupLoadedEditorAssemblies (186ms)
			LogAssemblyErrors (0ms)
			InitializePlatformSupportModulesInManaged (7ms)
			SetLoadedEditorAssemblies (7ms)
			RefreshPlugins (0ms)
			BeforeProcessingInitializeOnLoad (2ms)
			ProcessInitializeOnLoadAttributes (119ms)
			ProcessInitializeOnLoadMethodAttributes (51ms)
			AfterProcessingInitializeOnLoad (0ms)
			EditorAssembliesLoaded (0ms)
		ExecutionOrderSort2 (0ms)
		AwakeInstancesAfterBackupRestoration (0ms)
========================================================================
Worker process is ready to serve import requests
Begin MonoManager ReloadAssembly
Symbol file LoadedFromMemory is not a mono symbol file
- Loaded All Assemblies, in  0.832 seconds
Refreshing native plugins compatible for Editor in 7.93 ms, found 4 plugins.
Native extension for WindowsStandalone target not found
Package Manager log level set to [2]
[Package Manager] Server::EnsureServerProcessIsRunning -- launch failed, reason: Unity was launched with the -noUpm command-line argument
[Package Manager] UpmClient::Send -- Unable to send message (not connected to UPM process).
[Package Manager] Cannot connect to Unity Package Manager local server
Mono: successfully reloaded assembly
- Finished resetting the current domain, in  0.827 seconds
Domain Reload Profiling: 1660ms
	BeginReloadAssembly (172ms)
		ExecutionOrderSort (0ms)
		DisableScriptedObjects (5ms)
		BackupInstance (0ms)
		ReleaseScriptingObjects (0ms)
		CreateAndSetChildDomain (18ms)
	RebuildCommonClasses (36ms)
	RebuildNativeTypeToScriptingClass (12ms)
	initialDomainReloadingComplete (42ms)
	LoadAllAssembliesAndSetupDomain (570ms)
		LoadAssemblies (414ms)
		RebuildTransferFunctionScriptingTraits (0ms)
		AnalyzeDomain (271ms)
			TypeCache.Refresh (218ms)
				TypeCache.ScanAssembly (194ms)
			ScanForSourceGeneratedMonoScriptInfo (40ms)
			ResolveRequiredComponents (12ms)
	FinalizeReload (828ms)
		ReleaseScriptCaches (0ms)
		RebuildScriptCaches (0ms)
		SetupLoadedEditorAssemblies (649ms)
			LogAssemblyErrors (0ms)
			InitializePlatformSupportModulesInManaged (4ms)
			SetLoadedEditorAssemblies (4ms)
			RefreshPlugins (0ms)
			BeforeProcessingInitializeOnLoad (82ms)
			ProcessInitializeOnLoadAttributes (379ms)
			ProcessInitializeOnLoadMethodAttributes (178ms)
			AfterProcessingInitializeOnLoad (2ms)
			EditorAssembliesLoaded (0ms)
		ExecutionOrderSort2 (0ms)
		AwakeInstancesAfterBackupRestoration (6ms)
Launched and connected shader compiler UnityShaderCompiler.exe after 0.04 seconds
Refreshing native plugins compatible for Editor in 11.32 ms, found 4 plugins.
Preloading 0 native plugins for Editor in 0.00 ms.
Unloading 5436 Unused Serialized files (Serialized files now loaded: 0)
Unloading 103 unused Assets / (78.5 KB). Loaded Objects now: 5875.
Memory consumption went from 174.2 MB to 174.1 MB.
Total: 9.053300 ms (FindLiveObjects: 0.538100 ms CreateObjectMapping: 0.448300 ms MarkObjects: 7.893600 ms  DeleteObjects: 0.172300 ms)

AssetImportParameters requested are different than current active one (requested -> active):
  custom:container-demuxer-ogg: 62fdf1f143b41e24485cea50d1cbac27 -> 
  custom:video-decoder-ogg-theora: a1e56fd34408186e4bbccfd4996cb3dc -> 
  custom:framework-win-MediaFoundation: 216162199b28c13a410421893ffa2e32 -> 
  custom:container-demuxer-webm: 4f35f7cbe854078d1ac9338744f61a02 -> 
  custom:container-muxer-webm: aa71ff27fc2769a1b78a27578f13a17b -> 
  custom:video-decoder-webm-vp8: 9c59270c3fd7afecdb556c50c9e8de78 -> 
  custom:AudioImporter_EditorPlatform: d09bf68614088b80899f8185d706f6e7 -> 
  custom:video-encoder-webm-vp8: eb34c28f22e8b96e1ab97ce403110664 -> 
  custom:audio-decoder-ogg-vorbis: bf7c407c2cedff20999df2af8eb42d56 -> 
  custom:audio-encoder-webm-vorbis: bf7c407c2cedff20999df2af8eb42d56 -> 
========================================================================
Received Import Request.
  Time since last request: 990.358249 seconds.
  path: Assets/Scripts/Note.prefab
  artifactKey: Guid(4273f3a811e576c43b20cb8ae3b43d58) Importer(815301076,1909f56bfc062723c751e8b465ee728b)
Start importing Assets/Scripts/Note.prefab using Guid(4273f3a811e576c43b20cb8ae3b43d58) Importer(815301076,1909f56bfc062723c751e8b465ee728b)  -> (artifact id: '2072b1ba13693bfad5713baa5ed8f225') in 0.105289 seconds
Number of updated asset objects reloaded before import = 0
Number of asset objects unloaded after import = 9
========================================================================
Received Import Request.
  Time since last request: 1.345632 seconds.
  path: Assets/Scripts/Abdullah
  artifactKey: Guid(1f3c5f059ba60a44ab00a7da29f09c4e) Importer(815301076,1909f56bfc062723c751e8b465ee728b)
Start importing Assets/Scripts/Abdullah using Guid(1f3c5f059ba60a44ab00a7da29f09c4e) Importer(815301076,1909f56bfc062723c751e8b465ee728b)  -> (artifact id: '6906cd2a12a7eb3e574f0ccfba5954c2') in 0.000389 seconds
Number of updated asset objects reloaded before import = 0
Number of asset objects unloaded after import = 0
========================================================================
Received Import Request.
  Time since last request: 2.020886 seconds.
  path: Assets/Scripts/Abdullah/Note.cs
  artifactKey: Guid(c327cea564e59f343b2e945556824f15) Importer(815301076,1909f56bfc062723c751e8b465ee728b)
Start importing Assets/Scripts/Abdullah/Note.cs using Guid(c327cea564e59f343b2e945556824f15) Importer(815301076,1909f56bfc062723c751e8b465ee728b)  -> (artifact id: '14e15a421977b02d083435f74073f478') in 0.000484 seconds
Number of updated asset objects reloaded before import = 0
Number of asset objects unloaded after import = 0
========================================================================
Received Import Request.
  Time since last request: 1.065847 seconds.
  path: Assets/Scripts/Abdullah/PlayerControl.cs
  artifactKey: Guid(ca03bb573400b2946aebb88d6c782a52) Importer(815301076,1909f56bfc062723c751e8b465ee728b)
Start importing Assets/Scripts/Abdullah/PlayerControl.cs using Guid(ca03bb573400b2946aebb88d6c782a52) Importer(815301076,1909f56bfc062723c751e8b465ee728b)  -> (artifact id: '8094016cbab180222632237c5f66e520') in 0.000363 seconds
Number of updated asset objects reloaded before import = 0
Number of asset objects unloaded after import = 0
========================================================================
Received Import Request.
  Time since last request: 0.552787 seconds.
  path: Assets/Scripts/Abdullah/StartEvent.cs
  artifactKey: Guid(22056a3de6cfb24478b0e04dd0cb75b9) Importer(815301076,1909f56bfc062723c751e8b465ee728b)
Start importing Assets/Scripts/Abdullah/StartEvent.cs using Guid(22056a3de6cfb24478b0e04dd0cb75b9) Importer(815301076,1909f56bfc062723c751e8b465ee728b)  -> (artifact id: '1584bc1b2b1e5f69b5908914e708317a') in 0.000371 seconds
Number of updated asset objects reloaded before import = 0
Number of asset objects unloaded after import = 0
========================================================================
Received Import Request.
  Time since last request: 3.513265 seconds.
  path: Assets/Scripts/Abdullah/NoteCounter.cs
  artifactKey: Guid(7ebdf1bdf63bcfe46865f14dc17a0a80) Importer(815301076,1909f56bfc062723c751e8b465ee728b)
Start importing Assets/Scripts/Abdullah/NoteCounter.cs using Guid(7ebdf1bdf63bcfe46865f14dc17a0a80) Importer(815301076,1909f56bfc062723c751e8b465ee728b)  -> (artifact id: 'ebab8b46d7e1c0c3acc7ff3678bbc8da') in 0.000373 seconds
Number of updated asset objects reloaded before import = 0
Number of asset objects unloaded after import = 0
========================================================================
Received Import Request.
  Time since last request: 23.397304 seconds.
  path: Assets/Scripts/Abdullah/Setup
  artifactKey: Guid(1321adec94bc827488cc8a83473aab7f) Importer(815301076,1909f56bfc062723c751e8b465ee728b)
Start importing Assets/Scripts/Abdullah/Setup using Guid(1321adec94bc827488cc8a83473aab7f) Importer(815301076,1909f56bfc062723c751e8b465ee728b)  -> (artifact id: 'da0ad314e4230582d50eb37b9bf4095b') in 0.000364 seconds
Number of updated asset objects reloaded before import = 0
Number of asset objects unloaded after import = 0
========================================================================
Received Import Request.
  Time since last request: 1.189860 seconds.
  path: Assets/Scripts/Abdullah/Setup/Subject.cs
  artifactKey: Guid(38d2c3a29a1e7e94e87c049c76675980) Importer(815301076,1909f56bfc062723c751e8b465ee728b)
Start importing Assets/Scripts/Abdullah/Setup/Subject.cs using Guid(38d2c3a29a1e7e94e87c049c76675980) Importer(815301076,1909f56bfc062723c751e8b465ee728b)  -> (artifact id: '149d8051e878c9d2aa729bed8975b3b8') in 0.000452 seconds
Number of updated asset objects reloaded before import = 0
Number of asset objects unloaded after import = 0
========================================================================
Received Import Request.
  Time since last request: 3.279712 seconds.
  path: Assets/Scripts/Abdullah/Setup/IObserver.cs
  artifactKey: Guid(32adcb9764f8e1a49ad8063fcd5a5584) Importer(815301076,1909f56bfc062723c751e8b465ee728b)
Start importing Assets/Scripts/Abdullah/Setup/IObserver.cs using Guid(32adcb9764f8e1a49ad8063fcd5a5584) Importer(815301076,1909f56bfc062723c751e8b465ee728b)  -> (artifact id: '864e90e3b6de48e8232e26bb68d941a3') in 0.000378 seconds
Number of updated asset objects reloaded before import = 0
Number of asset objects unloaded after import = 0
========================================================================
Received Import Request.
  Time since last request: 4.356250 seconds.
  path: Assets/Scripts/Abdullah/Observers
  artifactKey: Guid(56e8e2fc4401af54daa0947d66ebd336) Importer(815301076,1909f56bfc062723c751e8b465ee728b)
Start importing Assets/Scripts/Abdullah/Observers using Guid(56e8e2fc4401af54daa0947d66ebd336) Importer(815301076,1909f56bfc062723c751e8b465ee728b)  -> (artifact id: 'ab2833c81eb1bdf943e70b596bb4e584') in 0.000354 seconds
Number of updated asset objects reloaded before import = 0
Number of asset objects unloaded after import = 0
========================================================================
Received Import Request.
  Time since last request: 1.041505 seconds.
  path: Assets/Scripts/Abdullah/Observers/NoteSpawner.cs
  artifactKey: Guid(8dcb53c63f5b1774ca6f9f1c0400df1f) Importer(815301076,1909f56bfc062723c751e8b465ee728b)
Start importing Assets/Scripts/Abdullah/Observers/NoteSpawner.cs using Guid(8dcb53c63f5b1774ca6f9f1c0400df1f) Importer(815301076,1909f56bfc062723c751e8b465ee728b)  -> (artifact id: '3c0018f394f4740e00d728d3fc9892c6') in 0.000442 seconds
Number of updated asset objects reloaded before import = 0
Number of asset objects unloaded after import = 0
========================================================================
Received Import Request.
  Time since last request: 19.044354 seconds.
  path: Assets/Scripts/Abdullah/Observers/SwitchPlayers.cs
  artifactKey: Guid(7e1c29a18f081cf4fb4f722599abf5e6) Importer(815301076,1909f56bfc062723c751e8b465ee728b)
Start importing Assets/Scripts/Abdullah/Observers/SwitchPlayers.cs using Guid(7e1c29a18f081cf4fb4f722599abf5e6) Importer(815301076,1909f56bfc062723c751e8b465ee728b)  -> (artifact id: '20db4a78ec43466e1832906198eb9310') in 0.000381 seconds
Number of updated asset objects reloaded before import = 0
Number of asset objects unloaded after import = 0
========================================================================
Received Import Request.
  Time since last request: 65.143972 seconds.
  path: Assets/Materials/Blue.mat
  artifactKey: Guid(568f353f2b76a4645a658b58f759ece3) Importer(815301076,1909f56bfc062723c751e8b465ee728b)
Start importing Assets/Materials/Blue.mat using Guid(568f353f2b76a4645a658b58f759ece3) Importer(815301076,1909f56bfc062723c751e8b465ee728b)  -> (artifact id: '2139aac7d256c6faba2f58f3fa6b6cdb') in 0.028736 seconds
Number of updated asset objects reloaded before import = 0
Number of asset objects unloaded after import = 1
========================================================================
Received Import Request.
  Time since last request: 51.992280 seconds.
  path: Assets/PartyMonsterDuo/Animator/Default.controller
  artifactKey: Guid(f5e71d2eda3d6cc40857811c187df502) Importer(815301076,1909f56bfc062723c751e8b465ee728b)
Start importing Assets/PartyMonsterDuo/Animator/Default.controller using Guid(f5e71d2eda3d6cc40857811c187df502) Importer(815301076,1909f56bfc062723c751e8b465ee728b)  -> (artifact id: '6f0644fcb80062fbace5736d1150ae38') in 0.011034 seconds
Number of updated asset objects reloaded before import = 0
Number of asset objects unloaded after import = 62
========================================================================
Received Import Request.
  Time since last request: 3.557019 seconds.
  path: Assets/PartyMonsterDuo/Animation/Attack01.fbx
  artifactKey: Guid(c079a833bce9f244197c6d6a59349939) Importer(815301076,1909f56bfc062723c751e8b465ee728b)
Start importing Assets/PartyMonsterDuo/Animation/Attack01.fbx using Guid(c079a833bce9f244197c6d6a59349939) Importer(815301076,1909f56bfc062723c751e8b465ee728b)  -> (artifact id: 'f27d768384600a78c91ff6123908393b') in 0.032097 seconds
Number of updated asset objects reloaded before import = 0
Number of asset objects unloaded after import = 121
========================================================================
Received Import Request.
  Time since last request: 0.002444 seconds.
  path: Assets/PartyMonsterDuo/Animation/Attack02.fbx
  artifactKey: Guid(ee4dcd4aac28c304c9bd9485e85e6e3b) Importer(815301076,1909f56bfc062723c751e8b465ee728b)
Start importing Assets/PartyMonsterDuo/Animation/Attack02.fbx using Guid(ee4dcd4aac28c304c9bd9485e85e6e3b) Importer(815301076,1909f56bfc062723c751e8b465ee728b)  -> (artifact id: '5307a7656ae3bd155db6c14a5d2ace7d') in 0.052153 seconds
Number of updated asset objects reloaded before import = 0
Number of asset objects unloaded after import = 121
========================================================================
Received Import Request.
  Time since last request: 0.000022 seconds.
  path: Assets/PartyMonsterDuo/Animation/Die01Recover.fbx
  artifactKey: Guid(8f6629bd0b93cf747993efbfb8e00c1e) Importer(815301076,1909f56bfc062723c751e8b465ee728b)
Start importing Assets/PartyMonsterDuo/Animation/Die01Recover.fbx using Guid(8f6629bd0b93cf747993efbfb8e00c1e) Importer(815301076,1909f56bfc062723c751e8b465ee728b)  -> (artifact id: '9c005cb235ae28e0e8e568f95f473d24') in 0.028927 seconds
Number of updated asset objects reloaded before import = 0
Number of asset objects unloaded after import = 121
========================================================================
Received Import Request.
  Time since last request: 0.000026 seconds.
  path: Assets/PartyMonsterDuo/Animation/JumpOneTake.fbx
  artifactKey: Guid(3ec2d761566ed6b44bbd934694af281b) Importer(815301076,1909f56bfc062723c751e8b465ee728b)
Start importing Assets/PartyMonsterDuo/Animation/JumpOneTake.fbx using Guid(3ec2d761566ed6b44bbd934694af281b) Importer(815301076,1909f56bfc062723c751e8b465ee728b)  -> (artifact id: 'ca5241ef2e8560fefa4ad44af32fe0fc') in 0.034544 seconds
Number of updated asset objects reloaded before import = 0
Number of asset objects unloaded after import = 121
========================================================================
Received Import Request.
  Time since last request: 0.000021 seconds.
  path: Assets/PartyMonsterDuo/Animation/Slide.fbx
  artifactKey: Guid(ce85b6fae17ba5640abc7c259651e1be) Importer(815301076,1909f56bfc062723c751e8b465ee728b)
Start importing Assets/PartyMonsterDuo/Animation/Slide.fbx using Guid(ce85b6fae17ba5640abc7c259651e1be) Importer(815301076,1909f56bfc062723c751e8b465ee728b)  -> (artifact id: '1d526f92cc0f0c31b300dbfc5547f310') in 0.058774 seconds
Number of updated asset objects reloaded before import = 0
Number of asset objects unloaded after import = 121
========================================================================
Received Import Request.
  Time since last request: 0.000016 seconds.
  path: Assets/PartyMonsterDuo/Animation/Idle03.fbx
  artifactKey: Guid(cec4383bee75c3848b23bde89fb98646) Importer(815301076,1909f56bfc062723c751e8b465ee728b)
Start importing Assets/PartyMonsterDuo/Animation/Idle03.fbx using Guid(cec4383bee75c3848b23bde89fb98646) Importer(815301076,1909f56bfc062723c751e8b465ee728b)  -> (artifact id: '211d07f9fb093a3d72803fda922504bd') in 0.046875 seconds
Number of updated asset objects reloaded before import = 0
Number of asset objects unloaded after import = 121
========================================================================
Received Import Request.
  Time since last request: 0.000020 seconds.
  path: Assets/PartyMonsterDuo/Animation/Victory01.fbx
  artifactKey: Guid(638b1d8fb5dd82245b382272af09c8a0) Importer(815301076,1909f56bfc062723c751e8b465ee728b)
Start importing Assets/PartyMonsterDuo/Animation/Victory01.fbx using Guid(638b1d8fb5dd82245b382272af09c8a0) Importer(815301076,1909f56bfc062723c751e8b465ee728b)  -> (artifact id: 'f628f7e3773467828d172d77e5e65f40') in 0.053786 seconds
Number of updated asset objects reloaded before import = 0
Number of asset objects unloaded after import = 121
========================================================================
Received Import Request.
  Time since last request: 0.000029 seconds.
  path: Assets/PartyMonsterDuo/Animation/DefenseHit.fbx
  artifactKey: Guid(d7af8ce29102eab49afee0dc9d3659e3) Importer(815301076,1909f56bfc062723c751e8b465ee728b)
Start importing Assets/PartyMonsterDuo/Animation/DefenseHit.fbx using Guid(d7af8ce29102eab49afee0dc9d3659e3) Importer(815301076,1909f56bfc062723c751e8b465ee728b)  -> (artifact id: '4429f2abb235925d5eed6645dcdfd947') in 0.044668 seconds
Number of updated asset objects reloaded before import = 0
Number of asset objects unloaded after import = 121
========================================================================
Received Import Request.
  Time since last request: 0.000015 seconds.
  path: Assets/PartyMonsterDuo/Animation/JumpAir.fbx
  artifactKey: Guid(0963d8d4ee9c2e746a851650bce38837) Importer(815301076,1909f56bfc062723c751e8b465ee728b)
Start importing Assets/PartyMonsterDuo/Animation/JumpAir.fbx using Guid(0963d8d4ee9c2e746a851650bce38837) Importer(815301076,1909f56bfc062723c751e8b465ee728b)  -> (artifact id: '1c21766c1656d4af6e56b2a0134a35eb') in 0.022800 seconds
Number of updated asset objects reloaded before import = 0
Number of asset objects unloaded after import = 121
========================================================================
Received Import Request.
  Time since last request: 0.000015 seconds.
  path: Assets/PartyMonsterDuo/Animation/Push.fbx
  artifactKey: Guid(3aa072121bfc60b4f8f1bc94f6756e3c) Importer(815301076,1909f56bfc062723c751e8b465ee728b)
Start importing Assets/PartyMonsterDuo/Animation/Push.fbx using Guid(3aa072121bfc60b4f8f1bc94f6756e3c) Importer(815301076,1909f56bfc062723c751e8b465ee728b)  -> (artifact id: '7b6ef1972f7e6e9ab48df93a52b173e7') in 0.041406 seconds
Number of updated asset objects reloaded before import = 0
Number of asset objects unloaded after import = 121
========================================================================
Received Import Request.
  Time since last request: 0.000013 seconds.
  path: Assets/PartyMonsterDuo/Animation/Dizzy.fbx
  artifactKey: Guid(a5e1f8c4ae1ff184cb248966ce834502) Importer(815301076,1909f56bfc062723c751e8b465ee728b)
Start importing Assets/PartyMonsterDuo/Animation/Dizzy.fbx using Guid(a5e1f8c4ae1ff184cb248966ce834502) Importer(815301076,1909f56bfc062723c751e8b465ee728b)  -> (artifact id: '6f67a52b4c4dec3943896a53c5b48312') in 0.046165 seconds
Number of updated asset objects reloaded before import = 0
Number of asset objects unloaded after import = 121
========================================================================
Received Import Request.
  Time since last request: 0.000018 seconds.
  path: Assets/PartyMonsterDuo/Animation/Run01Right.fbx
  artifactKey: Guid(a2c550fd05297b64983d892530580f3f) Importer(815301076,1909f56bfc062723c751e8b465ee728b)
Start importing Assets/PartyMonsterDuo/Animation/Run01Right.fbx using Guid(a2c550fd05297b64983d892530580f3f) Importer(815301076,1909f56bfc062723c751e8b465ee728b)  -> (artifact id: '45bab221980e416d380031920039e887') in 0.031209 seconds
Number of updated asset objects reloaded before import = 0
Number of asset objects unloaded after import = 121
Editor requested this worker to shutdown with reason: Scaling down because of idle timeout
TcpMessagingSession - receive error: operation aborted. errorcode: 995, details: The I/O operation has been aborted because of either a thread exit or an application request.
AssetImportWorker is now disconnected from the server
Process exiting
Exiting without the bug reporter. Application will terminate with return code 0